  spiderThreeApp.cpp
  b2BroadPhase.cpp
  b2CollideCircle.cpp
  b2CollideEdge.cpp
  b2CollidePolygon.cpp
  b2Collision.cpp
  b2Distance.cpp
  b2DynamicTree.cpp
  b2TimeOfImpact.cpp
  b2ChainShape.cpp
  b2CircleShape.cpp
  b2EdgeShape.cpp
  b2PolygonShape.cpp
  b2BlockAllocator.cpp
  b2Draw.cpp
  b2Math.cpp
  b2Settings.cpp
  b2StackAllocator.cpp
  b2Timer.cpp
  b2Body.cpp
  b2ContactManager.cpp
  b2Fixture.cpp
  b2Island.cpp
  b2World.cpp
  b2WorldCallbacks.cpp
  b2ChainAndCircleContact.cpp
  b2ChainAndPolygonContact.cpp
  b2CircleContact.cpp
  b2Contact.cpp
  b2ContactSolver.cpp
  b2EdgeAndCircleContact.cpp
  b2EdgeAndPolygonContact.cpp
  b2PolygonAndCircleContact.cpp
  b2PolygonContact.cpp
  b2DistanceJoint.cpp
  b2FrictionJoint.cpp
  b2GearJoint.cpp
  b2Joint.cpp
  b2MouseJoint.cpp
  b2PrismaticJoint.cpp
  b2PulleyJoint.cpp
  b2RevoluteJoint.cpp
  b2RopeJoint.cpp
  b2WeldJoint.cpp
  b2WheelJoint.cpp
  b2Rope.cpp
D:\Dokumente\Uni\programmieren\cindertesting\spiderThree\src\spiderThreeApp.cpp(62,35): error C2676: binary '[': 'const spiderThreeApp::edge' does not define this operator or a conversion to a type acceptable to the predefined operator
D:\Dokumente\Uni\programmieren\cindertesting\spiderThree\src\spiderThreeApp.cpp(62,50): error C2676: binary '[': 'const spiderThreeApp::edge' does not define this operator or a conversion to a type acceptable to the predefined operator
D:\Dokumente\Uni\programmieren\cindertesting\spiderThree\src\spiderThreeApp.cpp(62,62): error C2660: 'spiderThreeApp::linecp': function does not take 2 arguments
D:\Dokumente\Uni\programmieren\cindertesting\spiderThree\src\spiderThreeApp.cpp(20,7): message : see declaration of 'spiderThreeApp::linecp'
